10608: 18:58:13.708 - ---
10608: 18:58:13.708 - Service: "Photon Socket Server" starting
10608: 18:58:13.708 - Config File: D:\Photon Server\deploy\bin_Win64\PhotonServer.config
10608: 18:58:13.788 - Will produce at most: 10 crash dumps
10608: 18:58:13.789 - Action: run as exe
10608: 18:58:13.816 - Server Starting...
10608: 18:58:13.827 -    Tick count: 205659238 (wraps in: 47.33 days)
10608: 18:58:13.827 - Tick count 64: 205659253
10608: 18:58:13.828 - Photon Version: 3.4.9.2931
10608: 18:58:13.828 - PID: 9136
10608: 18:58:13.837 - Config File: D:\Photon Server\deploy\bin_Win64\PhotonServer.config
10608: 18:58:13.839 - Will NOT log unimportant exceptions
10608: 18:58:13.928 - Shutdown timeout enabled: 30000ms
10608: 18:58:13.948 - Starting I/O thread pool with 2 threads
10608: 18:58:13.948 - Using Standard allocator
10608: 18:58:13.948 - Max message size: 512000
10608: 18:58:13.949 - Starting business logic thread pool with the following settings
10608: 18:58:13.949 - InitialThreads: 4 threads
10608: 18:58:13.949 - MinThreads: 4 threads
10608: 18:58:13.949 - Thread pool is fixed size
10608: 18:58:13.950 - Starting ENet thread pool with the following settings
10608: 18:58:13.950 - InitialThreads: 2 threads
10608: 18:58:13.950 - MinThreads: 2 threads
10608: 18:58:13.950 - Thread pool is fixed size
10608: 18:58:13.950 - OnlyDispatchTimers: False
10608: 18:58:13.950 - S2S: flow control: Max pending writes: 50
10608: 18:58:13.950 - S2S: flow control: Max queued buffers: 200
10608: 18:58:13.950 - S2S: flow control: Max pending writes MUX: 500
10608: 18:58:13.950 - S2S: flow control: Max queued buffers MUX: 2000
10608: 18:58:13.950 - S2S: MaxInboundMessageSize: 512000
10608: 18:58:13.950 - S2S: MaxOutboundMessageSize: 512000
10608: 18:58:13.950 - S2S: No inactivity timeout
10608: 18:58:14.012 - WebSocket S2S: MaxInboundMessageSize: 512000
10608: 18:58:14.012 - WebSocket S2S: MaxOutboundMessageSize: 512000
10608: 18:58:14.012 - WebSocket S2S: No inactivity timeout
10608: 18:58:14.053 - Max Reliable Data In Transit (awaiting ACKs) per peer : 51200 bytes
10608: 18:58:14.053 - Per peer bandwidth limit
10608: 18:58:14.053 - Transmit Rate Limit: 256 KB/Sec
10608: 18:58:14.053 - Limit period: 200ms
10608: 18:58:14.053 - Limit per period: 52428 bytes
10608: 18:58:14.053 - Max queued data for transmission per peer: 512000 bytes
10608: 18:58:14.053 - Minimum retransmit timeout: 200
10608: 18:58:14.053 - No Maximum retransmit timeout
10608: 18:58:14.053 - Minimum ENet timeout: 5000ms
10608: 18:58:14.053 - Maximum ENet timeout: 30000ms
10608: 18:58:14.053 - Max Inbound Reliable Data Queued (awaiting resends of earlier sequence numbers) per peer : 163840 bytes
10608: 18:58:14.053 - No RTT ACK adjustment timeout
10608: 18:58:14.053 - Outbound ENet: MaxInboundMessageSize: 512000
10608: 18:58:14.053 - Outbound ENet: MaxOutboundMessageSize: 512000
10608: 18:58:14.131 - GetRuntime - About to load CLR - versions available:
10608: 18:58:14.131 - v2.0.50727
10608: 18:58:14.131 - v4.0.30319
10608: 18:58:14.131 - Configuration requests: "v2.0.50727"
10608: 18:58:14.131 - About to load version: "v2.0.50727"
10608: 18:58:14.603 - About to load runtime: PhotonHostRuntime.PhotonDomainManager from PhotonHostRuntime, Culture=neutral, PublicKeyToken=02C301B61B060C4D
10608: 18:58:14.603 - CLRBaseDirectory set to "D:\Photon Server\deploy"
10608: 18:58:14.603 - Optimising event broadcast for 20 or more peers
10608: 18:58:14.638 - Start: About to load CLR - versions available:
10608: 18:58:14.638 - v2.0.50727
10608: 18:58:14.638 - v4.0.30319
10608: 18:58:14.638 - No preference in configuration file, will load latest.
10608: 18:58:14.638 - About to load version: "v4.0.30319"
10608: 18:58:14.640 - Loaded version: "v4.0.30319"
10608: 18:58:15.478 - Photon host runtime loaded
10608: 18:58:19.383 - LICENSE: No license file was found. Starting with Bootstrap License.
10608: 18:58:19.398 - License is valid.
10608: 18:58:19.398 - Licensed for 20 concurrent connections.
10608: 18:58:19.398 - ENet: Max Reliable Data In Transit (awaiting ACKs) per peer : 51200 bytes
10608: 18:58:19.398 - ENet: Per peer bandwidth limit
10608: 18:58:19.398 - ENet: Transmit Rate Limit: 256 KB/Sec
10608: 18:58:19.398 - ENet: Limit period: 200ms
10608: 18:58:19.398 - ENet: Limit per period: 52428 bytes
10608: 18:58:19.398 - ENet: Max queued data for transmission per peer: 512000 bytes
10608: 18:58:19.398 - ENet: Minimum retransmit timeout: 200
10608: 18:58:19.398 - No Maximum retransmit timeout
10608: 18:58:19.398 - ENet: Minimum timeout: 5000ms
10608: 18:58:19.398 - ENet: Maximum timeout: 30000ms
10608: 18:58:19.398 - ENet: Max Inbound Reliable Data Queued (awaiting resends of earlier sequence numbers) per peer : 163840 bytes
10608: 18:58:19.398 - No RTT ACK adjustment timeout
10608: 18:58:19.399 - About to load application: Proxy from ComplexServer
10608: 18:58:19.399 - Auto restart is enabled for application, existing connections will be terminated during restart
10608: 18:58:19.399 - Application will restart 1000ms after the last change detected
10608: 18:58:19.399 - Application will restart if files matching the following are changed: "dll;config"
10608: 18:58:19.399 - Application will NOT restart if files matching the following are changed: "log4net.config"
10608: 18:58:21.275 - Taking reference on default app domain
10608: 18:58:21.759 - Proxy:2 - Start() failed.
Exception:
System.BadImageFormatException: Could not load file or assembly 'ComplexServer' or one of its dependencies. An attempt was made to load a program with an incorrect format.
File name: 'ComplexServer'
   at System.Reflection.RuntimeAssembly._nLoad(AssemblyName fileName, String codeBase, Evidence assemblySecurity, RuntimeAssembly locationHint, StackCrawlMark& stackMark, IntPtr pPrivHostBinder, Boolean throwOnFileNotFound, Boolean forIntrospection, Boolean suppressSecurityChecks)
   at System.Reflection.RuntimeAssembly.InternalLoadAssemblyName(AssemblyName assemblyRef, Evidence assemblySecurity, RuntimeAssembly reqAssembly, StackCrawlMark& stackMark, IntPtr pPrivHostBinder, Boolean throwOnFileNotFound, Boolean forIntrospection, Boolean suppressSecurityChecks)
   at System.Reflection.RuntimeAssembly.InternalLoad(String assemblyString, Evidence assemblySecurity, StackCrawlMark& stackMark, IntPtr pPrivHostBinder, Boolean forIntrospection)
   at System.Reflection.RuntimeAssembly.InternalLoad(String assemblyString, Evidence assemblySecurity, StackCrawlMark& stackMark, Boolean forIntrospection)
   at System.Reflection.Assembly.Load(String assemblyString)
   at PhotonHostRuntime.PhotonDomainManager.PhotonPlainAppDomainBehavior.Start(String assemblyName, String typeName, String instanceName, String applicationName, IPhotonApplicationSink sink, ILogToUnmanagedLog logger, IControlListeners listenerControl)
   at PhotonHostRuntime.PhotonDomainManager.Start(String assemblyName, String typeName, String instanceName, String applicationName, IPhotonApplicationSink sink, ILogToUnmanagedLog logger, IControlListeners listenerControl)

WRN: Assembly binding logging is turned OFF.
To enable assembly bind failure logging, set the registry value [HKLM\Software\Microsoft\Fusion!EnableLog] (DWORD) to 1.
Note: There is some performance penalty associated with assembly bind failure logging.
To turn this feature off, remove the registry value [HKLM\Software\Microsoft\Fusion!EnableLog].

10608: 18:58:21.811 - Proxy:2 - Stop() failed.
Exception:
System.Exception: Stop: unable to call the Application.TearDown() - undefined photonControl.
   at PhotonHostRuntime.PhotonDomainManager.PhotonPlainAppDomainBehavior.Stop()
   at PhotonHostRuntime.PhotonDomainManager.Stop()
10608: 18:58:21.815 - ERROR: Failed to start application: "Proxy" in app domain: 2
5920: 18:58:21.832 - CManagedHost::OnDefaultAction() - OPR_AppDomainUnload - eUnloadAppDomain
10608: 18:58:21.864 - CService::OnException() - Exception: CManagedHost::StartApplication() - Failed to start application in AppDomain: 2 - An attempt was made to load a program with an incorrect format.
10608: 18:58:21.864 - Server shutting down...
10608: 18:58:21.864 - Shutdown monitoring enabled, 30000ms before process abort
10608: 18:58:21.864 - Notifying CLR applications of shutdown...
10608: 18:58:21.864 - RequestStop: defalt app domain
10608: 18:58:21.870 - Shutting down WebSocket Outbound Connection Manager...
9440: 18:58:21.874 - Unloading Domain: ApplicationName = 'Proxy', DomainId='2'
5920: 18:58:21.874 - CManagedHost::OnDomainUnload() - 2
10608: 18:58:21.880 - Shutting down TCP Outbound Connection Manager...
10608: 18:58:21.918 - Shutting down ENet Outbound Connection Manager...
10608: 18:58:21.968 - Disconnecting all outbound peers...
10608: 18:58:22.005 - Shutting down ENet host...
10608: 18:58:22.005 - Disconnecting all peers...
10608: 18:58:22.005 - Shutting down socket servers...
10608: 18:58:22.005 - Shutting down ENet thread pool...
10608: 18:58:22.006 - Shutting down TCP inactivity timers...
10608: 18:58:22.006 - Shutting down CLR applications...
10608: 18:58:22.006 - Shutting down business logic thread pool...
10608: 18:58:22.007 - Shutting down I/O thread pool...
10608: 18:58:22.007 - Destroying servers
10608: 18:58:22.007 - Destroying WebSocket Outbound Connection Manager
10608: 18:58:22.007 - Destroying TCP Outbound Connection Manager
10608: 18:58:22.031 - Destroying TCP inactivity timer
10608: 18:58:22.031 - Destroying ENet timer wheel
10608: 18:58:22.031 - Destroying ENet host
10608: 18:58:22.031 - Destroying ENet outbound host
10608: 18:58:22.031 - Destroying HTTP inactivity timer
10608: 18:58:22.032 - Destroying HTTP host
10608: 18:58:22.032 - Destroying HTTP Chunk host
10608: 18:58:22.032 - Flushing ENET buffer allocator...
10608: 18:58:22.032 - Flushing TCP buffer handle allocator...
10608: 18:58:22.032 - Flushing stream socket allocator...
10608: 18:58:22.032 - Flushing inbound datagram socket allocator...
10608: 18:58:22.032 - Flushing outbound datagram socket allocator...
10608: 18:58:22.032 - Destroying CLR dispatcher
10608: 18:58:22.066 - Destroying CLR applications
10608: 18:58:22.066 - ~CCLRApplicationCollection() - Waiting up to 10 seconds for the CLR to release all of our objects
10608: 18:58:22.066 - ~CCLRApplicationCollection() - Done. All objects released
10608: 18:58:22.066 - ~CManagedHost() - Release default app domain
10608: 18:58:22.066 - CManagedHost::OnDomainUnload() - 1
10608: 18:58:22.066 - ~CManagedHost() - Waiting up to 10 seconds for CLR shutdown...
10608: 18:58:22.066 - ~CManagedHost
10608: 18:58:22.066 - Destroying ENet thread pool
10608: 18:58:22.066 - Destroying Business logic thread pool
10608: 18:58:22.067 - Destroying I/O thread pool
10608: 18:58:22.067 - Destroying ENet buffer allocator
10608: 18:58:22.067 - Destroying TCP buffer allocator
10608: 18:58:22.067 - Destroying TCP socket allocator
10608: 18:58:22.067 - Destroying ENet inbound socket allocator
10608: 18:58:22.067 - Destroying ENet outbound socket allocator
10608: 18:58:22.067 - Destroying shared datagram flow control data
10608: 18:58:22.193 - Shutdown complete...
10608: 18:58:22.194 - Service shutting down: failed to start application. Errorcode: 108
10608: 18:58:22.196 - Service shut down complete
2096: 19:02:32.791 - ---
2096: 19:02:32.792 - Service: "Photon Socket Server" starting
2096: 19:02:32.792 - Config File: D:\Photon Server\deploy\bin_Win64\PhotonServer.config
2096: 19:02:32.793 - Will produce at most: 10 crash dumps
2096: 19:02:32.793 - Action: run as exe
2096: 19:02:32.794 - Server Starting...
2096: 19:02:32.794 -    Tick count: 205918215 (wraps in: 47.327 days)
2096: 19:02:32.794 - Tick count 64: 205918215
2096: 19:02:32.794 - Photon Version: 3.4.9.2931
2096: 19:02:32.794 - PID: 4772
2096: 19:02:32.794 - Config File: D:\Photon Server\deploy\bin_Win64\PhotonServer.config
2096: 19:02:32.795 - Will NOT log unimportant exceptions
2096: 19:02:32.809 - Shutdown timeout enabled: 30000ms
2096: 19:02:32.809 - Starting I/O thread pool with 2 threads
2096: 19:02:32.809 - Using Standard allocator
2096: 19:02:32.809 - Max message size: 512000
2096: 19:02:32.809 - Starting business logic thread pool with the following settings
2096: 19:02:32.809 - InitialThreads: 4 threads
2096: 19:02:32.809 - MinThreads: 4 threads
2096: 19:02:32.809 - Thread pool is fixed size
2096: 19:02:32.809 - Starting ENet thread pool with the following settings
2096: 19:02:32.809 - InitialThreads: 2 threads
2096: 19:02:32.809 - MinThreads: 2 threads
2096: 19:02:32.809 - Thread pool is fixed size
2096: 19:02:32.809 - OnlyDispatchTimers: False
2096: 19:02:32.810 - S2S: flow control: Max pending writes: 50
2096: 19:02:32.810 - S2S: flow control: Max queued buffers: 200
2096: 19:02:32.810 - S2S: flow control: Max pending writes MUX: 500
2096: 19:02:32.810 - S2S: flow control: Max queued buffers MUX: 2000
2096: 19:02:32.810 - S2S: MaxInboundMessageSize: 512000
2096: 19:02:32.810 - S2S: MaxOutboundMessageSize: 512000
2096: 19:02:32.810 - S2S: No inactivity timeout
2096: 19:02:32.813 - WebSocket S2S: MaxInboundMessageSize: 512000
2096: 19:02:32.813 - WebSocket S2S: MaxOutboundMessageSize: 512000
2096: 19:02:32.813 - WebSocket S2S: No inactivity timeout
2096: 19:02:32.813 - Max Reliable Data In Transit (awaiting ACKs) per peer : 51200 bytes
2096: 19:02:32.813 - Per peer bandwidth limit
2096: 19:02:32.813 - Transmit Rate Limit: 256 KB/Sec
2096: 19:02:32.813 - Limit period: 200ms
2096: 19:02:32.813 - Limit per period: 52428 bytes
2096: 19:02:32.813 - Max queued data for transmission per peer: 512000 bytes
2096: 19:02:32.813 - Minimum retransmit timeout: 200
2096: 19:02:32.813 - No Maximum retransmit timeout
2096: 19:02:32.813 - Minimum ENet timeout: 5000ms
2096: 19:02:32.813 - Maximum ENet timeout: 30000ms
2096: 19:02:32.813 - Max Inbound Reliable Data Queued (awaiting resends of earlier sequence numbers) per peer : 163840 bytes
2096: 19:02:32.813 - No RTT ACK adjustment timeout
2096: 19:02:32.813 - Outbound ENet: MaxInboundMessageSize: 512000
2096: 19:02:32.813 - Outbound ENet: MaxOutboundMessageSize: 512000
2096: 19:02:32.815 - GetRuntime - About to load CLR - versions available:
2096: 19:02:32.815 - v2.0.50727
2096: 19:02:32.815 - v4.0.30319
2096: 19:02:32.815 - Configuration requests: "v2.0.50727"
2096: 19:02:32.815 - About to load version: "v2.0.50727"
2096: 19:02:32.820 - About to load runtime: PhotonHostRuntime.PhotonDomainManager from PhotonHostRuntime, Culture=neutral, PublicKeyToken=02C301B61B060C4D
2096: 19:02:32.820 - CLRBaseDirectory set to "D:\Photon Server\deploy"
2096: 19:02:32.820 - Optimising event broadcast for 20 or more peers
2096: 19:02:32.821 - Start: About to load CLR - versions available:
2096: 19:02:32.821 - v2.0.50727
2096: 19:02:32.821 - v4.0.30319
2096: 19:02:32.821 - No preference in configuration file, will load latest.
2096: 19:02:32.821 - About to load version: "v4.0.30319"
2096: 19:02:32.822 - Loaded version: "v4.0.30319"
2096: 19:02:33.058 - Photon host runtime loaded
2096: 19:02:35.504 - LICENSE: No license file was found. Starting with Bootstrap License.
2096: 19:02:35.504 - License is valid.
2096: 19:02:35.504 - Licensed for 20 concurrent connections.
2096: 19:02:35.505 - ENet: Max Reliable Data In Transit (awaiting ACKs) per peer : 51200 bytes
2096: 19:02:35.505 - ENet: Per peer bandwidth limit
2096: 19:02:35.505 - ENet: Transmit Rate Limit: 256 KB/Sec
2096: 19:02:35.505 - ENet: Limit period: 200ms
2096: 19:02:35.505 - ENet: Limit per period: 52428 bytes
2096: 19:02:35.505 - ENet: Max queued data for transmission per peer: 512000 bytes
2096: 19:02:35.505 - ENet: Minimum retransmit timeout: 200
2096: 19:02:35.505 - No Maximum retransmit timeout
2096: 19:02:35.505 - ENet: Minimum timeout: 5000ms
2096: 19:02:35.505 - ENet: Maximum timeout: 30000ms
2096: 19:02:35.505 - ENet: Max Inbound Reliable Data Queued (awaiting resends of earlier sequence numbers) per peer : 163840 bytes
2096: 19:02:35.505 - No RTT ACK adjustment timeout
2096: 19:02:35.505 - About to load application: Proxy from ComplexServer
2096: 19:02:35.505 - Auto restart is enabled for application, existing connections will be terminated during restart
2096: 19:02:35.505 - Application will restart 1000ms after the last change detected
2096: 19:02:35.505 - Application will restart if files matching the following are changed: "dll;config"
2096: 19:02:35.505 - Application will NOT restart if files matching the following are changed: "log4net.config"
2096: 19:02:35.940 - Taking reference on default app domain
2096: 19:02:35.956 - Proxy:2 - Start() failed.
Exception:
System.BadImageFormatException: Could not load file or assembly 'ComplexServer' or one of its dependencies. An attempt was made to load a program with an incorrect format.
File name: 'ComplexServer'
   at System.Reflection.RuntimeAssembly._nLoad(AssemblyName fileName, String codeBase, Evidence assemblySecurity, RuntimeAssembly locationHint, StackCrawlMark& stackMark, IntPtr pPrivHostBinder, Boolean throwOnFileNotFound, Boolean forIntrospection, Boolean suppressSecurityChecks)
   at System.Reflection.RuntimeAssembly.InternalLoadAssemblyName(AssemblyName assemblyRef, Evidence assemblySecurity, RuntimeAssembly reqAssembly, StackCrawlMark& stackMark, IntPtr pPrivHostBinder, Boolean throwOnFileNotFound, Boolean forIntrospection, Boolean suppressSecurityChecks)
   at System.Reflection.RuntimeAssembly.InternalLoad(String assemblyString, Evidence assemblySecurity, StackCrawlMark& stackMark, IntPtr pPrivHostBinder, Boolean forIntrospection)
   at System.Reflection.RuntimeAssembly.InternalLoad(String assemblyString, Evidence assemblySecurity, StackCrawlMark& stackMark, Boolean forIntrospection)
   at System.Reflection.Assembly.Load(String assemblyString)
   at PhotonHostRuntime.PhotonDomainManager.PhotonPlainAppDomainBehavior.Start(String assemblyName, String typeName, String instanceName, String applicationName, IPhotonApplicationSink sink, ILogToUnmanagedLog logger, IControlListeners listenerControl)
   at PhotonHostRuntime.PhotonDomainManager.Start(String assemblyName, String typeName, String instanceName, String applicationName, IPhotonApplicationSink sink, ILogToUnmanagedLog logger, IControlListeners listenerControl)

WRN: Assembly binding logging is turned OFF.
To enable assembly bind failure logging, set the registry value [HKLM\Software\Microsoft\Fusion!EnableLog] (DWORD) to 1.
Note: There is some performance penalty associated with assembly bind failure logging.
To turn this feature off, remove the registry value [HKLM\Software\Microsoft\Fusion!EnableLog].

2096: 19:02:35.958 - Proxy:2 - Stop() failed.
Exception:
System.Exception: Stop: unable to call the Application.TearDown() - undefined photonControl.
   at PhotonHostRuntime.PhotonDomainManager.PhotonPlainAppDomainBehavior.Stop()
   at PhotonHostRuntime.PhotonDomainManager.Stop()
2096: 19:02:35.959 - ERROR: Failed to start application: "Proxy" in app domain: 2
3104: 19:02:35.959 - CManagedHost::OnDefaultAction() - OPR_AppDomainUnload - eUnloadAppDomain
2096: 19:02:35.959 - CService::OnException() - Exception: CManagedHost::StartApplication() - Failed to start application in AppDomain: 2 - An attempt was made to load a program with an incorrect format.
2096: 19:02:35.959 - Server shutting down...
2096: 19:02:35.959 - Shutdown monitoring enabled, 30000ms before process abort
2096: 19:02:35.959 - Notifying CLR applications of shutdown...
2096: 19:02:35.959 - RequestStop: defalt app domain
2096: 19:02:35.961 - Shutting down WebSocket Outbound Connection Manager...
2096: 19:02:35.961 - Shutting down TCP Outbound Connection Manager...
2096: 19:02:35.961 - Shutting down ENet Outbound Connection Manager...
2096: 19:02:35.961 - Disconnecting all outbound peers...
2096: 19:02:35.961 - Shutting down ENet host...
2096: 19:02:35.961 - Disconnecting all peers...
2096: 19:02:35.961 - Shutting down socket servers...
2096: 19:02:35.961 - Shutting down ENet thread pool...
2096: 19:02:35.961 - Shutting down TCP inactivity timers...
2096: 19:02:35.961 - Shutting down CLR applications...
2096: 19:02:35.961 - Shutting down business logic thread pool...
2096: 19:02:35.961 - Shutting down I/O thread pool...
2096: 19:02:35.961 - Destroying servers
2096: 19:02:35.961 - Destroying WebSocket Outbound Connection Manager
2096: 19:02:35.961 - Destroying TCP Outbound Connection Manager
2096: 19:02:35.961 - Destroying TCP inactivity timer
2096: 19:02:35.961 - Destroying ENet timer wheel
2096: 19:02:35.961 - Destroying ENet host
2096: 19:02:35.961 - Destroying ENet outbound host
2096: 19:02:35.961 - Destroying HTTP inactivity timer
2096: 19:02:35.961 - Destroying HTTP host
2096: 19:02:35.961 - Destroying HTTP Chunk host
2096: 19:02:35.961 - Flushing ENET buffer allocator...
2096: 19:02:35.961 - Flushing TCP buffer handle allocator...
2096: 19:02:35.961 - Flushing stream socket allocator...
2096: 19:02:35.961 - Flushing inbound datagram socket allocator...
2096: 19:02:35.961 - Flushing outbound datagram socket allocator...
2096: 19:02:35.961 - Destroying CLR dispatcher
2096: 19:02:35.961 - Destroying CLR applications
2096: 19:02:35.961 - ~CCLRApplicationCollection() - Waiting up to 10 seconds for the CLR to release all of our objects
3000: 19:02:35.970 - Unloading Domain: ApplicationName = 'Proxy', DomainId='2'
3104: 19:02:35.970 - CManagedHost::OnDomainUnload() - 2
2096: 19:02:35.972 - ~CCLRApplicationCollection() - Done. All objects released
2096: 19:02:35.973 - ~CManagedHost() - Release default app domain
2096: 19:02:35.973 - CManagedHost::OnDomainUnload() - 1
2096: 19:02:35.973 - ~CManagedHost() - Waiting up to 10 seconds for CLR shutdown...
2096: 19:02:35.973 - ~CManagedHost
2096: 19:02:35.973 - Destroying ENet thread pool
2096: 19:02:35.973 - Destroying Business logic thread pool
2096: 19:02:35.973 - Destroying I/O thread pool
2096: 19:02:35.973 - Destroying ENet buffer allocator
2096: 19:02:35.973 - Destroying TCP buffer allocator
2096: 19:02:35.973 - Destroying TCP socket allocator
2096: 19:02:35.973 - Destroying ENet inbound socket allocator
2096: 19:02:35.973 - Destroying ENet outbound socket allocator
2096: 19:02:35.973 - Destroying shared datagram flow control data
2096: 19:02:35.973 - Shutdown complete...
2096: 19:02:35.973 - Service shutting down: failed to start application. Errorcode: 108
2096: 19:02:35.975 - Service shut down complete
1504: 19:06:10.451 - ---
1504: 19:06:10.451 - Service: "Photon Socket Server" starting
1504: 19:06:10.451 - Config File: D:\Photon Server\deploy\bin_Win64\PhotonServer.config
1504: 19:06:10.453 - Will produce at most: 10 crash dumps
1504: 19:06:10.453 - Action: run as exe
1504: 19:06:10.454 - Server Starting...
1504: 19:06:10.454 -    Tick count: 206135883 (wraps in: 47.3244 days)
1504: 19:06:10.454 - Tick count 64: 206135883
1504: 19:06:10.454 - Photon Version: 3.4.9.2931
1504: 19:06:10.454 - PID: 2416
1504: 19:06:10.454 - Config File: D:\Photon Server\deploy\bin_Win64\PhotonServer.config
1504: 19:06:10.455 - Will NOT log unimportant exceptions
1504: 19:06:10.471 - Shutdown timeout enabled: 30000ms
1504: 19:06:10.471 - Starting I/O thread pool with 2 threads
1504: 19:06:10.471 - Using Standard allocator
1504: 19:06:10.471 - Max message size: 512000
1504: 19:06:10.471 - Starting business logic thread pool with the following settings
1504: 19:06:10.471 - InitialThreads: 4 threads
1504: 19:06:10.471 - MinThreads: 4 threads
1504: 19:06:10.471 - Thread pool is fixed size
1504: 19:06:10.472 - Starting ENet thread pool with the following settings
1504: 19:06:10.472 - InitialThreads: 2 threads
1504: 19:06:10.472 - MinThreads: 2 threads
1504: 19:06:10.472 - Thread pool is fixed size
1504: 19:06:10.472 - OnlyDispatchTimers: False
1504: 19:06:10.472 - S2S: flow control: Max pending writes: 50
1504: 19:06:10.472 - S2S: flow control: Max queued buffers: 200
1504: 19:06:10.472 - S2S: flow control: Max pending writes MUX: 500
1504: 19:06:10.472 - S2S: flow control: Max queued buffers MUX: 2000
1504: 19:06:10.472 - S2S: MaxInboundMessageSize: 512000
1504: 19:06:10.472 - S2S: MaxOutboundMessageSize: 512000
1504: 19:06:10.472 - S2S: No inactivity timeout
1504: 19:06:10.476 - WebSocket S2S: MaxInboundMessageSize: 512000
1504: 19:06:10.476 - WebSocket S2S: MaxOutboundMessageSize: 512000
1504: 19:06:10.476 - WebSocket S2S: No inactivity timeout
1504: 19:06:10.476 - Max Reliable Data In Transit (awaiting ACKs) per peer : 51200 bytes
1504: 19:06:10.476 - Per peer bandwidth limit
1504: 19:06:10.476 - Transmit Rate Limit: 256 KB/Sec
1504: 19:06:10.476 - Limit period: 200ms
1504: 19:06:10.476 - Limit per period: 52428 bytes
1504: 19:06:10.476 - Max queued data for transmission per peer: 512000 bytes
1504: 19:06:10.476 - Minimum retransmit timeout: 200
1504: 19:06:10.476 - No Maximum retransmit timeout
1504: 19:06:10.476 - Minimum ENet timeout: 5000ms
1504: 19:06:10.476 - Maximum ENet timeout: 30000ms
1504: 19:06:10.476 - Max Inbound Reliable Data Queued (awaiting resends of earlier sequence numbers) per peer : 163840 bytes
1504: 19:06:10.476 - No RTT ACK adjustment timeout
1504: 19:06:10.476 - Outbound ENet: MaxInboundMessageSize: 512000
1504: 19:06:10.476 - Outbound ENet: MaxOutboundMessageSize: 512000
1504: 19:06:10.478 - GetRuntime - About to load CLR - versions available:
1504: 19:06:10.478 - v2.0.50727
1504: 19:06:10.478 - v4.0.30319
1504: 19:06:10.478 - Configuration requests: "v2.0.50727"
1504: 19:06:10.478 - About to load version: "v2.0.50727"
1504: 19:06:10.483 - About to load runtime: PhotonHostRuntime.PhotonDomainManager from PhotonHostRuntime, Culture=neutral, PublicKeyToken=02C301B61B060C4D
1504: 19:06:10.483 - CLRBaseDirectory set to "D:\Photon Server\deploy"
1504: 19:06:10.483 - Optimising event broadcast for 20 or more peers
1504: 19:06:10.484 - Start: About to load CLR - versions available:
1504: 19:06:10.484 - v2.0.50727
1504: 19:06:10.484 - v4.0.30319
1504: 19:06:10.484 - No preference in configuration file, will load latest.
1504: 19:06:10.484 - About to load version: "v4.0.30319"
1504: 19:06:10.486 - Loaded version: "v4.0.30319"
1504: 19:06:10.739 - Photon host runtime loaded
1504: 19:06:12.969 - LICENSE: No license file was found. Starting with Bootstrap License.
1504: 19:06:12.969 - License is valid.
1504: 19:06:12.969 - Licensed for 20 concurrent connections.
1504: 19:06:12.969 - ENet: Max Reliable Data In Transit (awaiting ACKs) per peer : 51200 bytes
1504: 19:06:12.969 - ENet: Per peer bandwidth limit
1504: 19:06:12.969 - ENet: Transmit Rate Limit: 256 KB/Sec
1504: 19:06:12.969 - ENet: Limit period: 200ms
1504: 19:06:12.969 - ENet: Limit per period: 52428 bytes
1504: 19:06:12.969 - ENet: Max queued data for transmission per peer: 512000 bytes
1504: 19:06:12.969 - ENet: Minimum retransmit timeout: 200
1504: 19:06:12.969 - No Maximum retransmit timeout
1504: 19:06:12.969 - ENet: Minimum timeout: 5000ms
1504: 19:06:12.969 - ENet: Maximum timeout: 30000ms
1504: 19:06:12.969 - ENet: Max Inbound Reliable Data Queued (awaiting resends of earlier sequence numbers) per peer : 163840 bytes
1504: 19:06:12.969 - No RTT ACK adjustment timeout
1504: 19:06:12.969 - About to load application: Proxy from ComplexServer
1504: 19:06:12.969 - Auto restart is enabled for application, existing connections will be terminated during restart
1504: 19:06:12.969 - Application will restart 1000ms after the last change detected
1504: 19:06:12.969 - Application will restart if files matching the following are changed: "dll;config"
1504: 19:06:12.969 - Application will NOT restart if files matching the following are changed: "log4net.config"
1504: 19:06:13.246 - Taking reference on default app domain
1504: 19:06:13.258 - Proxy:2 - Start() failed.
Exception:
System.BadImageFormatException: Could not load file or assembly 'ComplexServer' or one of its dependencies. An attempt was made to load a program with an incorrect format.
File name: 'ComplexServer'
   at System.Reflection.RuntimeAssembly._nLoad(AssemblyName fileName, String codeBase, Evidence assemblySecurity, RuntimeAssembly locationHint, StackCrawlMark& stackMark, IntPtr pPrivHostBinder, Boolean throwOnFileNotFound, Boolean forIntrospection, Boolean suppressSecurityChecks)
   at System.Reflection.RuntimeAssembly.InternalLoadAssemblyName(AssemblyName assemblyRef, Evidence assemblySecurity, RuntimeAssembly reqAssembly, StackCrawlMark& stackMark, IntPtr pPrivHostBinder, Boolean throwOnFileNotFound, Boolean forIntrospection, Boolean suppressSecurityChecks)
   at System.Reflection.RuntimeAssembly.InternalLoad(String assemblyString, Evidence assemblySecurity, StackCrawlMark& stackMark, IntPtr pPrivHostBinder, Boolean forIntrospection)
   at System.Reflection.RuntimeAssembly.InternalLoad(String assemblyString, Evidence assemblySecurity, StackCrawlMark& stackMark, Boolean forIntrospection)
   at System.Reflection.Assembly.Load(String assemblyString)
   at PhotonHostRuntime.PhotonDomainManager.PhotonPlainAppDomainBehavior.Start(String assemblyName, String typeName, String instanceName, String applicationName, IPhotonApplicationSink sink, ILogToUnmanagedLog logger, IControlListeners listenerControl)
   at PhotonHostRuntime.PhotonDomainManager.Start(String assemblyName, String typeName, String instanceName, String applicationName, IPhotonApplicationSink sink, ILogToUnmanagedLog logger, IControlListeners listenerControl)

WRN: Assembly binding logging is turned OFF.
To enable assembly bind failure logging, set the registry value [HKLM\Software\Microsoft\Fusion!EnableLog] (DWORD) to 1.
Note: There is some performance penalty associated with assembly bind failure logging.
To turn this feature off, remove the registry value [HKLM\Software\Microsoft\Fusion!EnableLog].

1504: 19:06:13.260 - Proxy:2 - Stop() failed.
Exception:
System.Exception: Stop: unable to call the Application.TearDown() - undefined photonControl.
   at PhotonHostRuntime.PhotonDomainManager.PhotonPlainAppDomainBehavior.Stop()
   at PhotonHostRuntime.PhotonDomainManager.Stop()
1504: 19:06:13.261 - ERROR: Failed to start application: "Proxy" in app domain: 2
7956: 19:06:13.261 - CManagedHost::OnDefaultAction() - OPR_AppDomainUnload - eUnloadAppDomain
1504: 19:06:13.261 - CService::OnException() - Exception: CManagedHost::StartApplication() - Failed to start application in AppDomain: 2 - An attempt was made to load a program with an incorrect format.
1504: 19:06:13.261 - Server shutting down...
1504: 19:06:13.261 - Shutdown monitoring enabled, 30000ms before process abort
1504: 19:06:13.261 - Notifying CLR applications of shutdown...
1504: 19:06:13.261 - RequestStop: defalt app domain
1504: 19:06:13.263 - Shutting down WebSocket Outbound Connection Manager...
1504: 19:06:13.263 - Shutting down TCP Outbound Connection Manager...
1504: 19:06:13.263 - Shutting down ENet Outbound Connection Manager...
1504: 19:06:13.263 - Disconnecting all outbound peers...
1504: 19:06:13.263 - Shutting down ENet host...
1504: 19:06:13.263 - Disconnecting all peers...
1504: 19:06:13.263 - Shutting down socket servers...
1504: 19:06:13.263 - Shutting down ENet thread pool...
1504: 19:06:13.263 - Shutting down TCP inactivity timers...
1504: 19:06:13.263 - Shutting down CLR applications...
1504: 19:06:13.263 - Shutting down business logic thread pool...
1504: 19:06:13.263 - Shutting down I/O thread pool...
1504: 19:06:13.263 - Destroying servers
1504: 19:06:13.263 - Destroying WebSocket Outbound Connection Manager
1504: 19:06:13.263 - Destroying TCP Outbound Connection Manager
1504: 19:06:13.263 - Destroying TCP inactivity timer
1504: 19:06:13.263 - Destroying ENet timer wheel
1504: 19:06:13.264 - Destroying ENet host
1504: 19:06:13.264 - Destroying ENet outbound host
1504: 19:06:13.264 - Destroying HTTP inactivity timer
1504: 19:06:13.264 - Destroying HTTP host
1504: 19:06:13.264 - Destroying HTTP Chunk host
1504: 19:06:13.264 - Flushing ENET buffer allocator...
1504: 19:06:13.264 - Flushing TCP buffer handle allocator...
1504: 19:06:13.264 - Flushing stream socket allocator...
1504: 19:06:13.264 - Flushing inbound datagram socket allocator...
1504: 19:06:13.264 - Flushing outbound datagram socket allocator...
1504: 19:06:13.264 - Destroying CLR dispatcher
1504: 19:06:13.264 - Destroying CLR applications
1504: 19:06:13.264 - ~CCLRApplicationCollection() - Waiting up to 10 seconds for the CLR to release all of our objects
11272: 19:06:13.270 - Unloading Domain: ApplicationName = 'Proxy', DomainId='2'
7956: 19:06:13.271 - CManagedHost::OnDomainUnload() - 2
1504: 19:06:13.273 - ~CCLRApplicationCollection() - Done. All objects released
1504: 19:06:13.273 - ~CManagedHost() - Release default app domain
1504: 19:06:13.273 - CManagedHost::OnDomainUnload() - 1
1504: 19:06:13.273 - ~CManagedHost() - Waiting up to 10 seconds for CLR shutdown...
1504: 19:06:13.273 - ~CManagedHost
1504: 19:06:13.273 - Destroying ENet thread pool
1504: 19:06:13.273 - Destroying Business logic thread pool
1504: 19:06:13.274 - Destroying I/O thread pool
1504: 19:06:13.274 - Destroying ENet buffer allocator
1504: 19:06:13.274 - Destroying TCP buffer allocator
1504: 19:06:13.274 - Destroying TCP socket allocator
1504: 19:06:13.274 - Destroying ENet inbound socket allocator
1504: 19:06:13.274 - Destroying ENet outbound socket allocator
1504: 19:06:13.274 - Destroying shared datagram flow control data
1504: 19:06:13.274 - Shutdown complete...
1504: 19:06:13.274 - Service shutting down: failed to start application. Errorcode: 108
1504: 19:06:13.275 - Service shut down complete
5336: 19:07:23.113 - ---
5336: 19:07:23.113 - Service: "Photon Socket Server" starting
5336: 19:07:23.113 - Config File: D:\Photon Server\deploy\bin_Win64\PhotonServer.config
5336: 19:07:23.114 - Will produce at most: 10 crash dumps
5336: 19:07:23.114 - Action: run as exe
5336: 19:07:23.115 - Server Starting...
5336: 19:07:23.115 -    Tick count: 206208548 (wraps in: 47.3236 days)
5336: 19:07:23.115 - Tick count 64: 206208548
5336: 19:07:23.115 - Photon Version: 3.4.9.2931
5336: 19:07:23.115 - PID: 7800
5336: 19:07:23.115 - Config File: D:\Photon Server\deploy\bin_Win64\PhotonServer.config
5336: 19:07:23.116 - Will NOT log unimportant exceptions
5336: 19:07:23.130 - Shutdown timeout enabled: 30000ms
5336: 19:07:23.130 - Starting I/O thread pool with 2 threads
5336: 19:07:23.130 - Using Standard allocator
5336: 19:07:23.130 - Max message size: 512000
5336: 19:07:23.130 - Starting business logic thread pool with the following settings
5336: 19:07:23.130 - InitialThreads: 4 threads
5336: 19:07:23.130 - MinThreads: 4 threads
5336: 19:07:23.130 - Thread pool is fixed size
5336: 19:07:23.131 - Starting ENet thread pool with the following settings
5336: 19:07:23.131 - InitialThreads: 2 threads
5336: 19:07:23.131 - MinThreads: 2 threads
5336: 19:07:23.131 - Thread pool is fixed size
5336: 19:07:23.131 - OnlyDispatchTimers: False
5336: 19:07:23.131 - S2S: flow control: Max pending writes: 50
5336: 19:07:23.131 - S2S: flow control: Max queued buffers: 200
5336: 19:07:23.131 - S2S: flow control: Max pending writes MUX: 500
5336: 19:07:23.131 - S2S: flow control: Max queued buffers MUX: 2000
5336: 19:07:23.131 - S2S: MaxInboundMessageSize: 512000
5336: 19:07:23.131 - S2S: MaxOutboundMessageSize: 512000
5336: 19:07:23.131 - S2S: No inactivity timeout
5336: 19:07:23.134 - WebSocket S2S: MaxInboundMessageSize: 512000
5336: 19:07:23.134 - WebSocket S2S: MaxOutboundMessageSize: 512000
5336: 19:07:23.134 - WebSocket S2S: No inactivity timeout
5336: 19:07:23.135 - Max Reliable Data In Transit (awaiting ACKs) per peer : 51200 bytes
5336: 19:07:23.135 - Per peer bandwidth limit
5336: 19:07:23.135 - Transmit Rate Limit: 256 KB/Sec
5336: 19:07:23.135 - Limit period: 200ms
5336: 19:07:23.135 - Limit per period: 52428 bytes
5336: 19:07:23.135 - Max queued data for transmission per peer: 512000 bytes
5336: 19:07:23.135 - Minimum retransmit timeout: 200
5336: 19:07:23.135 - No Maximum retransmit timeout
5336: 19:07:23.135 - Minimum ENet timeout: 5000ms
5336: 19:07:23.135 - Maximum ENet timeout: 30000ms
5336: 19:07:23.135 - Max Inbound Reliable Data Queued (awaiting resends of earlier sequence numbers) per peer : 163840 bytes
5336: 19:07:23.135 - No RTT ACK adjustment timeout
5336: 19:07:23.135 - Outbound ENet: MaxInboundMessageSize: 512000
5336: 19:07:23.135 - Outbound ENet: MaxOutboundMessageSize: 512000
5336: 19:07:23.137 - GetRuntime - About to load CLR - versions available:
5336: 19:07:23.137 - v2.0.50727
5336: 19:07:23.137 - v4.0.30319
5336: 19:07:23.137 - Configuration requests: "v2.0.50727"
5336: 19:07:23.137 - About to load version: "v2.0.50727"
5336: 19:07:23.141 - About to load runtime: PhotonHostRuntime.PhotonDomainManager from PhotonHostRuntime, Culture=neutral, PublicKeyToken=02C301B61B060C4D
5336: 19:07:23.141 - CLRBaseDirectory set to "D:\Photon Server\deploy"
5336: 19:07:23.141 - Optimising event broadcast for 20 or more peers
5336: 19:07:23.143 - Start: About to load CLR - versions available:
5336: 19:07:23.143 - v2.0.50727
5336: 19:07:23.143 - v4.0.30319
5336: 19:07:23.143 - No preference in configuration file, will load latest.
5336: 19:07:23.143 - About to load version: "v4.0.30319"
5336: 19:07:23.144 - Loaded version: "v4.0.30319"
5336: 19:07:23.408 - Photon host runtime loaded
5336: 19:07:25.670 - LICENSE: No license file was found. Starting with Bootstrap License.
5336: 19:07:25.670 - License is valid.
5336: 19:07:25.670 - Licensed for 20 concurrent connections.
5336: 19:07:25.670 - ENet: Max Reliable Data In Transit (awaiting ACKs) per peer : 51200 bytes
5336: 19:07:25.670 - ENet: Per peer bandwidth limit
5336: 19:07:25.670 - ENet: Transmit Rate Limit: 256 KB/Sec
5336: 19:07:25.670 - ENet: Limit period: 200ms
5336: 19:07:25.670 - ENet: Limit per period: 52428 bytes
5336: 19:07:25.670 - ENet: Max queued data for transmission per peer: 512000 bytes
5336: 19:07:25.670 - ENet: Minimum retransmit timeout: 200
5336: 19:07:25.670 - No Maximum retransmit timeout
5336: 19:07:25.670 - ENet: Minimum timeout: 5000ms
5336: 19:07:25.670 - ENet: Maximum timeout: 30000ms
5336: 19:07:25.670 - ENet: Max Inbound Reliable Data Queued (awaiting resends of earlier sequence numbers) per peer : 163840 bytes
5336: 19:07:25.670 - No RTT ACK adjustment timeout
5336: 19:07:25.671 - About to load application: Proxy from ComplexServer
5336: 19:07:25.671 - Auto restart is enabled for application, existing connections will be terminated during restart
5336: 19:07:25.671 - Application will restart 1000ms after the last change detected
5336: 19:07:25.671 - Application will restart if files matching the following are changed: "dll;config"
5336: 19:07:25.671 - Application will NOT restart if files matching the following are changed: "log4net.config"
5336: 19:07:26.192 - Taking reference on default app domain
5336: 19:07:26.204 - Proxy:2 - Start() failed.
Exception:
System.BadImageFormatException: Could not load file or assembly 'ComplexServer' or one of its dependencies. An attempt was made to load a program with an incorrect format.
File name: 'ComplexServer'
   at System.Reflection.RuntimeAssembly._nLoad(AssemblyName fileName, String codeBase, Evidence assemblySecurity, RuntimeAssembly locationHint, StackCrawlMark& stackMark, IntPtr pPrivHostBinder, Boolean throwOnFileNotFound, Boolean forIntrospection, Boolean suppressSecurityChecks)
   at System.Reflection.RuntimeAssembly.InternalLoadAssemblyName(AssemblyName assemblyRef, Evidence assemblySecurity, RuntimeAssembly reqAssembly, StackCrawlMark& stackMark, IntPtr pPrivHostBinder, Boolean throwOnFileNotFound, Boolean forIntrospection, Boolean suppressSecurityChecks)
   at System.Reflection.RuntimeAssembly.InternalLoad(String assemblyString, Evidence assemblySecurity, StackCrawlMark& stackMark, IntPtr pPrivHostBinder, Boolean forIntrospection)
   at System.Reflection.RuntimeAssembly.InternalLoad(String assemblyString, Evidence assemblySecurity, StackCrawlMark& stackMark, Boolean forIntrospection)
   at System.Reflection.Assembly.Load(String assemblyString)
   at PhotonHostRuntime.PhotonDomainManager.PhotonPlainAppDomainBehavior.Start(String assemblyName, String typeName, String instanceName, String applicationName, IPhotonApplicationSink sink, ILogToUnmanagedLog logger, IControlListeners listenerControl)
   at PhotonHostRuntime.PhotonDomainManager.Start(String assemblyName, String typeName, String instanceName, String applicationName, IPhotonApplicationSink sink, ILogToUnmanagedLog logger, IControlListeners listenerControl)

WRN: Assembly binding logging is turned OFF.
To enable assembly bind failure logging, set the registry value [HKLM\Software\Microsoft\Fusion!EnableLog] (DWORD) to 1.
Note: There is some performance penalty associated with assembly bind failure logging.
To turn this feature off, remove the registry value [HKLM\Software\Microsoft\Fusion!EnableLog].

5336: 19:07:26.207 - Proxy:2 - Stop() failed.
Exception:
System.Exception: Stop: unable to call the Application.TearDown() - undefined photonControl.
   at PhotonHostRuntime.PhotonDomainManager.PhotonPlainAppDomainBehavior.Stop()
   at PhotonHostRuntime.PhotonDomainManager.Stop()
5336: 19:07:26.207 - ERROR: Failed to start application: "Proxy" in app domain: 2
9688: 19:07:26.207 - CManagedHost::OnDefaultAction() - OPR_AppDomainUnload - eUnloadAppDomain
5336: 19:07:26.207 - CService::OnException() - Exception: CManagedHost::StartApplication() - Failed to start application in AppDomain: 2 - An attempt was made to load a program with an incorrect format.
5336: 19:07:26.207 - Server shutting down...
5336: 19:07:26.207 - Shutdown monitoring enabled, 30000ms before process abort
5336: 19:07:26.207 - Notifying CLR applications of shutdown...
5336: 19:07:26.207 - RequestStop: defalt app domain
5336: 19:07:26.210 - Shutting down WebSocket Outbound Connection Manager...
5336: 19:07:26.210 - Shutting down TCP Outbound Connection Manager...
5336: 19:07:26.210 - Shutting down ENet Outbound Connection Manager...
5336: 19:07:26.210 - Disconnecting all outbound peers...
5336: 19:07:26.210 - Shutting down ENet host...
5336: 19:07:26.210 - Disconnecting all peers...
5336: 19:07:26.210 - Shutting down socket servers...
5336: 19:07:26.210 - Shutting down ENet thread pool...
5336: 19:07:26.210 - Shutting down TCP inactivity timers...
5336: 19:07:26.210 - Shutting down CLR applications...
5336: 19:07:26.210 - Shutting down business logic thread pool...
5336: 19:07:26.210 - Shutting down I/O thread pool...
5336: 19:07:26.210 - Destroying servers
5336: 19:07:26.210 - Destroying WebSocket Outbound Connection Manager
5336: 19:07:26.210 - Destroying TCP Outbound Connection Manager
5336: 19:07:26.210 - Destroying TCP inactivity timer
5336: 19:07:26.210 - Destroying ENet timer wheel
5336: 19:07:26.210 - Destroying ENet host
5336: 19:07:26.210 - Destroying ENet outbound host
5336: 19:07:26.210 - Destroying HTTP inactivity timer
5336: 19:07:26.210 - Destroying HTTP host
5336: 19:07:26.210 - Destroying HTTP Chunk host
5336: 19:07:26.210 - Flushing ENET buffer allocator...
5336: 19:07:26.210 - Flushing TCP buffer handle allocator...
5336: 19:07:26.210 - Flushing stream socket allocator...
5336: 19:07:26.210 - Flushing inbound datagram socket allocator...
5336: 19:07:26.210 - Flushing outbound datagram socket allocator...
5336: 19:07:26.210 - Destroying CLR dispatcher
5336: 19:07:26.210 - Destroying CLR applications
5336: 19:07:26.210 - ~CCLRApplicationCollection() - Waiting up to 10 seconds for the CLR to release all of our objects
11052: 19:07:26.221 - Unloading Domain: ApplicationName = 'Proxy', DomainId='2'
9688: 19:07:26.221 - CManagedHost::OnDomainUnload() - 2
5336: 19:07:26.224 - ~CCLRApplicationCollection() - Done. All objects released
5336: 19:07:26.224 - ~CManagedHost() - Release default app domain
5336: 19:07:26.224 - CManagedHost::OnDomainUnload() - 1
5336: 19:07:26.224 - ~CManagedHost() - Waiting up to 10 seconds for CLR shutdown...
5336: 19:07:26.224 - ~CManagedHost
5336: 19:07:26.224 - Destroying ENet thread pool
5336: 19:07:26.224 - Destroying Business logic thread pool
5336: 19:07:26.224 - Destroying I/O thread pool
5336: 19:07:26.224 - Destroying ENet buffer allocator
5336: 19:07:26.224 - Destroying TCP buffer allocator
5336: 19:07:26.224 - Destroying TCP socket allocator
5336: 19:07:26.224 - Destroying ENet inbound socket allocator
5336: 19:07:26.224 - Destroying ENet outbound socket allocator
5336: 19:07:26.224 - Destroying shared datagram flow control data
5336: 19:07:26.224 - Shutdown complete...
5336: 19:07:26.225 - Service shutting down: failed to start application. Errorcode: 108
5336: 19:07:26.227 - Service shut down complete
11752: 19:07:39.624 - ---
11752: 19:07:39.624 - Service: "Photon Socket Server" starting
11752: 19:07:39.625 - Config File: D:\Photon Server\deploy\bin_Win64\PhotonServer.config
11752: 19:07:39.626 - Will produce at most: 10 crash dumps
11752: 19:07:39.626 - Action: run as exe
11752: 19:07:39.626 - Server Starting...
11752: 19:07:39.626 -    Tick count: 206225053 (wraps in: 47.3234 days)
11752: 19:07:39.626 - Tick count 64: 206225053
11752: 19:07:39.627 - Photon Version: 3.4.9.2931
11752: 19:07:39.627 - PID: 5608
11752: 19:07:39.627 - Config File: D:\Photon Server\deploy\bin_Win64\PhotonServer.config
11752: 19:07:39.628 - Will NOT log unimportant exceptions
11752: 19:07:39.642 - Shutdown timeout enabled: 30000ms
11752: 19:07:39.642 - Starting I/O thread pool with 2 threads
11752: 19:07:39.642 - Using Standard allocator
11752: 19:07:39.642 - Max message size: 512000
11752: 19:07:39.642 - Starting business logic thread pool with the following settings
11752: 19:07:39.642 - InitialThreads: 4 threads
11752: 19:07:39.642 - MinThreads: 4 threads
11752: 19:07:39.642 - Thread pool is fixed size
11752: 19:07:39.643 - Starting ENet thread pool with the following settings
11752: 19:07:39.643 - InitialThreads: 2 threads
11752: 19:07:39.643 - MinThreads: 2 threads
11752: 19:07:39.643 - Thread pool is fixed size
11752: 19:07:39.643 - OnlyDispatchTimers: False
11752: 19:07:39.643 - S2S: flow control: Max pending writes: 50
11752: 19:07:39.643 - S2S: flow control: Max queued buffers: 200
11752: 19:07:39.643 - S2S: flow control: Max pending writes MUX: 500
11752: 19:07:39.643 - S2S: flow control: Max queued buffers MUX: 2000
11752: 19:07:39.643 - S2S: MaxInboundMessageSize: 512000
11752: 19:07:39.643 - S2S: MaxOutboundMessageSize: 512000
11752: 19:07:39.643 - S2S: No inactivity timeout
11752: 19:07:39.646 - WebSocket S2S: MaxInboundMessageSize: 512000
11752: 19:07:39.646 - WebSocket S2S: MaxOutboundMessageSize: 512000
11752: 19:07:39.646 - WebSocket S2S: No inactivity timeout
11752: 19:07:39.646 - Max Reliable Data In Transit (awaiting ACKs) per peer : 51200 bytes
11752: 19:07:39.646 - Per peer bandwidth limit
11752: 19:07:39.646 - Transmit Rate Limit: 256 KB/Sec
11752: 19:07:39.646 - Limit period: 200ms
11752: 19:07:39.646 - Limit per period: 52428 bytes
11752: 19:07:39.646 - Max queued data for transmission per peer: 512000 bytes
11752: 19:07:39.646 - Minimum retransmit timeout: 200
11752: 19:07:39.646 - No Maximum retransmit timeout
11752: 19:07:39.646 - Minimum ENet timeout: 5000ms
11752: 19:07:39.646 - Maximum ENet timeout: 30000ms
11752: 19:07:39.646 - Max Inbound Reliable Data Queued (awaiting resends of earlier sequence numbers) per peer : 163840 bytes
11752: 19:07:39.646 - No RTT ACK adjustment timeout
11752: 19:07:39.646 - Outbound ENet: MaxInboundMessageSize: 512000
11752: 19:07:39.646 - Outbound ENet: MaxOutboundMessageSize: 512000
11752: 19:07:39.648 - GetRuntime - About to load CLR - versions available:
11752: 19:07:39.648 - v2.0.50727
11752: 19:07:39.648 - v4.0.30319
11752: 19:07:39.648 - Configuration requests: "v2.0.50727"
11752: 19:07:39.648 - About to load version: "v2.0.50727"
11752: 19:07:39.653 - About to load runtime: PhotonHostRuntime.PhotonDomainManager from PhotonHostRuntime, Culture=neutral, PublicKeyToken=02C301B61B060C4D
11752: 19:07:39.653 - CLRBaseDirectory set to "D:\Photon Server\deploy"
11752: 19:07:39.653 - Optimising event broadcast for 20 or more peers
11752: 19:07:39.654 - Start: About to load CLR - versions available:
11752: 19:07:39.654 - v2.0.50727
11752: 19:07:39.654 - v4.0.30319
11752: 19:07:39.654 - No preference in configuration file, will load latest.
11752: 19:07:39.654 - About to load version: "v4.0.30319"
11752: 19:07:39.655 - Loaded version: "v4.0.30319"
11752: 19:07:39.892 - Photon host runtime loaded
11752: 19:07:42.042 - LICENSE: No license file was found. Starting with Bootstrap License.
11752: 19:07:42.042 - License is valid.
11752: 19:07:42.042 - Licensed for 20 concurrent connections.
11752: 19:07:42.042 - ENet: Max Reliable Data In Transit (awaiting ACKs) per peer : 51200 bytes
11752: 19:07:42.042 - ENet: Per peer bandwidth limit
11752: 19:07:42.042 - ENet: Transmit Rate Limit: 256 KB/Sec
11752: 19:07:42.042 - ENet: Limit period: 200ms
11752: 19:07:42.042 - ENet: Limit per period: 52428 bytes
11752: 19:07:42.042 - ENet: Max queued data for transmission per peer: 512000 bytes
11752: 19:07:42.042 - ENet: Minimum retransmit timeout: 200
11752: 19:07:42.042 - No Maximum retransmit timeout
11752: 19:07:42.042 - ENet: Minimum timeout: 5000ms
11752: 19:07:42.042 - ENet: Maximum timeout: 30000ms
11752: 19:07:42.042 - ENet: Max Inbound Reliable Data Queued (awaiting resends of earlier sequence numbers) per peer : 163840 bytes
11752: 19:07:42.042 - No RTT ACK adjustment timeout
11752: 19:07:42.042 - About to load application: Proxy from ComplexServer
11752: 19:07:42.042 - Auto restart is enabled for application, existing connections will be terminated during restart
11752: 19:07:42.042 - Application will restart 1000ms after the last change detected
11752: 19:07:42.043 - Application will restart if files matching the following are changed: "dll;config"
11752: 19:07:42.043 - Application will NOT restart if files matching the following are changed: "log4net.config"
11752: 19:07:42.384 - Taking reference on default app domain
11752: 19:07:42.396 - Proxy:2 - Start() failed.
Exception:
System.BadImageFormatException: Could not load file or assembly 'ComplexServer' or one of its dependencies. An attempt was made to load a program with an incorrect format.
File name: 'ComplexServer'
   at System.Reflection.RuntimeAssembly._nLoad(AssemblyName fileName, String codeBase, Evidence assemblySecurity, RuntimeAssembly locationHint, StackCrawlMark& stackMark, IntPtr pPrivHostBinder, Boolean throwOnFileNotFound, Boolean forIntrospection, Boolean suppressSecurityChecks)
   at System.Reflection.RuntimeAssembly.InternalLoadAssemblyName(AssemblyName assemblyRef, Evidence assemblySecurity, RuntimeAssembly reqAssembly, StackCrawlMark& stackMark, IntPtr pPrivHostBinder, Boolean throwOnFileNotFound, Boolean forIntrospection, Boolean suppressSecurityChecks)
   at System.Reflection.RuntimeAssembly.InternalLoad(String assemblyString, Evidence assemblySecurity, StackCrawlMark& stackMark, IntPtr pPrivHostBinder, Boolean forIntrospection)
   at System.Reflection.RuntimeAssembly.InternalLoad(String assemblyString, Evidence assemblySecurity, StackCrawlMark& stackMark, Boolean forIntrospection)
   at System.Reflection.Assembly.Load(String assemblyString)
   at PhotonHostRuntime.PhotonDomainManager.PhotonPlainAppDomainBehavior.Start(String assemblyName, String typeName, String instanceName, String applicationName, IPhotonApplicationSink sink, ILogToUnmanagedLog logger, IControlListeners listenerControl)
   at PhotonHostRuntime.PhotonDomainManager.Start(String assemblyName, String typeName, String instanceName, String applicationName, IPhotonApplicationSink sink, ILogToUnmanagedLog logger, IControlListeners listenerControl)

WRN: Assembly binding logging is turned OFF.
To enable assembly bind failure logging, set the registry value [HKLM\Software\Microsoft\Fusion!EnableLog] (DWORD) to 1.
Note: There is some performance penalty associated with assembly bind failure logging.
To turn this feature off, remove the registry value [HKLM\Software\Microsoft\Fusion!EnableLog].

11752: 19:07:42.398 - Proxy:2 - Stop() failed.
Exception:
System.Exception: Stop: unable to call the Application.TearDown() - undefined photonControl.
   at PhotonHostRuntime.PhotonDomainManager.PhotonPlainAppDomainBehavior.Stop()
   at PhotonHostRuntime.PhotonDomainManager.Stop()
11752: 19:07:42.398 - ERROR: Failed to start application: "Proxy" in app domain: 2
3440: 19:07:42.398 - CManagedHost::OnDefaultAction() - OPR_AppDomainUnload - eUnloadAppDomain
11752: 19:07:42.398 - CService::OnException() - Exception: CManagedHost::StartApplication() - Failed to start application in AppDomain: 2 - An attempt was made to load a program with an incorrect format.
11752: 19:07:42.398 - Server shutting down...
11752: 19:07:42.398 - Shutdown monitoring enabled, 30000ms before process abort
11752: 19:07:42.398 - Notifying CLR applications of shutdown...
11752: 19:07:42.398 - RequestStop: defalt app domain
11752: 19:07:42.400 - Shutting down WebSocket Outbound Connection Manager...
11752: 19:07:42.400 - Shutting down TCP Outbound Connection Manager...
11752: 19:07:42.400 - Shutting down ENet Outbound Connection Manager...
11752: 19:07:42.400 - Disconnecting all outbound peers...
11752: 19:07:42.400 - Shutting down ENet host...
11752: 19:07:42.400 - Disconnecting all peers...
11752: 19:07:42.400 - Shutting down socket servers...
11752: 19:07:42.400 - Shutting down ENet thread pool...
11752: 19:07:42.400 - Shutting down TCP inactivity timers...
11752: 19:07:42.400 - Shutting down CLR applications...
11752: 19:07:42.400 - Shutting down business logic thread pool...
11752: 19:07:42.400 - Shutting down I/O thread pool...
11752: 19:07:42.401 - Destroying servers
11752: 19:07:42.401 - Destroying WebSocket Outbound Connection Manager
11752: 19:07:42.401 - Destroying TCP Outbound Connection Manager
11752: 19:07:42.401 - Destroying TCP inactivity timer
11752: 19:07:42.401 - Destroying ENet timer wheel
11752: 19:07:42.401 - Destroying ENet host
11752: 19:07:42.401 - Destroying ENet outbound host
11752: 19:07:42.401 - Destroying HTTP inactivity timer
11752: 19:07:42.401 - Destroying HTTP host
11752: 19:07:42.401 - Destroying HTTP Chunk host
11752: 19:07:42.401 - Flushing ENET buffer allocator...
11752: 19:07:42.401 - Flushing TCP buffer handle allocator...
11752: 19:07:42.401 - Flushing stream socket allocator...
11752: 19:07:42.401 - Flushing inbound datagram socket allocator...
11752: 19:07:42.401 - Flushing outbound datagram socket allocator...
11752: 19:07:42.401 - Destroying CLR dispatcher
11752: 19:07:42.401 - Destroying CLR applications
11752: 19:07:42.401 - ~CCLRApplicationCollection() - Waiting up to 10 seconds for the CLR to release all of our objects
12180: 19:07:42.410 - Unloading Domain: ApplicationName = 'Proxy', DomainId='2'
3440: 19:07:42.410 - CManagedHost::OnDomainUnload() - 2
11752: 19:07:42.413 - ~CCLRApplicationCollection() - Done. All objects released
11752: 19:07:42.413 - ~CManagedHost() - Release default app domain
11752: 19:07:42.413 - CManagedHost::OnDomainUnload() - 1
11752: 19:07:42.413 - ~CManagedHost() - Waiting up to 10 seconds for CLR shutdown...
11752: 19:07:42.413 - ~CManagedHost
11752: 19:07:42.413 - Destroying ENet thread pool
11752: 19:07:42.413 - Destroying Business logic thread pool
11752: 19:07:42.413 - Destroying I/O thread pool
11752: 19:07:42.413 - Destroying ENet buffer allocator
11752: 19:07:42.413 - Destroying TCP buffer allocator
11752: 19:07:42.413 - Destroying TCP socket allocator
11752: 19:07:42.413 - Destroying ENet inbound socket allocator
11752: 19:07:42.413 - Destroying ENet outbound socket allocator
11752: 19:07:42.413 - Destroying shared datagram flow control data
11752: 19:07:42.413 - Shutdown complete...
11752: 19:07:42.413 - Service shutting down: failed to start application. Errorcode: 108
11752: 19:07:42.415 - Service shut down complete
5688: 19:08:41.744 - ---
5688: 19:08:41.744 - Service: "Photon Socket Server" starting
5688: 19:08:41.744 - Config File: D:\Photon Server\deploy\bin_Win64\PhotonServer.config
5688: 19:08:41.745 - Will produce at most: 10 crash dumps
5688: 19:08:41.745 - Action: run as exe
5688: 19:08:41.745 - Server Starting...
5688: 19:08:41.746 -    Tick count: 206287173 (wraps in: 47.3227 days)
5688: 19:08:41.746 - Tick count 64: 206287173
5688: 19:08:41.746 - Photon Version: 3.4.9.2931
5688: 19:08:41.746 - PID: 5580
5688: 19:08:41.746 - Config File: D:\Photon Server\deploy\bin_Win64\PhotonServer.config
5688: 19:08:41.747 - Will NOT log unimportant exceptions
5688: 19:08:41.761 - Shutdown timeout enabled: 30000ms
5688: 19:08:41.761 - Starting I/O thread pool with 2 threads
5688: 19:08:41.761 - Using Standard allocator
5688: 19:08:41.761 - Max message size: 512000
5688: 19:08:41.761 - Starting business logic thread pool with the following settings
5688: 19:08:41.761 - InitialThreads: 4 threads
5688: 19:08:41.761 - MinThreads: 4 threads
5688: 19:08:41.761 - Thread pool is fixed size
5688: 19:08:41.762 - Starting ENet thread pool with the following settings
5688: 19:08:41.762 - InitialThreads: 2 threads
5688: 19:08:41.762 - MinThreads: 2 threads
5688: 19:08:41.762 - Thread pool is fixed size
5688: 19:08:41.762 - OnlyDispatchTimers: False
5688: 19:08:41.762 - S2S: flow control: Max pending writes: 50
5688: 19:08:41.762 - S2S: flow control: Max queued buffers: 200
5688: 19:08:41.762 - S2S: flow control: Max pending writes MUX: 500
5688: 19:08:41.762 - S2S: flow control: Max queued buffers MUX: 2000
5688: 19:08:41.762 - S2S: MaxInboundMessageSize: 512000
5688: 19:08:41.762 - S2S: MaxOutboundMessageSize: 512000
5688: 19:08:41.762 - S2S: No inactivity timeout
5688: 19:08:41.765 - WebSocket S2S: MaxInboundMessageSize: 512000
5688: 19:08:41.765 - WebSocket S2S: MaxOutboundMessageSize: 512000
5688: 19:08:41.765 - WebSocket S2S: No inactivity timeout
5688: 19:08:41.765 - Max Reliable Data In Transit (awaiting ACKs) per peer : 51200 bytes
5688: 19:08:41.765 - Per peer bandwidth limit
5688: 19:08:41.765 - Transmit Rate Limit: 256 KB/Sec
5688: 19:08:41.765 - Limit period: 200ms
5688: 19:08:41.765 - Limit per period: 52428 bytes
5688: 19:08:41.765 - Max queued data for transmission per peer: 512000 bytes
5688: 19:08:41.765 - Minimum retransmit timeout: 200
5688: 19:08:41.765 - No Maximum retransmit timeout
5688: 19:08:41.765 - Minimum ENet timeout: 5000ms
5688: 19:08:41.765 - Maximum ENet timeout: 30000ms
5688: 19:08:41.765 - Max Inbound Reliable Data Queued (awaiting resends of earlier sequence numbers) per peer : 163840 bytes
5688: 19:08:41.765 - No RTT ACK adjustment timeout
5688: 19:08:41.765 - Outbound ENet: MaxInboundMessageSize: 512000
5688: 19:08:41.765 - Outbound ENet: MaxOutboundMessageSize: 512000
5688: 19:08:41.768 - GetRuntime - About to load CLR - versions available:
5688: 19:08:41.768 - v2.0.50727
5688: 19:08:41.768 - v4.0.30319
5688: 19:08:41.768 - Configuration requests: "v2.0.50727"
5688: 19:08:41.768 - About to load version: "v2.0.50727"
5688: 19:08:41.773 - About to load runtime: PhotonHostRuntime.PhotonDomainManager from PhotonHostRuntime, Culture=neutral, PublicKeyToken=02C301B61B060C4D
5688: 19:08:41.773 - CLRBaseDirectory set to "D:\Photon Server\deploy"
5688: 19:08:41.773 - Optimising event broadcast for 20 or more peers
5688: 19:08:41.774 - Start: About to load CLR - versions available:
5688: 19:08:41.774 - v2.0.50727
5688: 19:08:41.774 - v4.0.30319
5688: 19:08:41.774 - No preference in configuration file, will load latest.
5688: 19:08:41.774 - About to load version: "v4.0.30319"
5688: 19:08:41.776 - Loaded version: "v4.0.30319"
5688: 19:08:42.028 - Photon host runtime loaded
5688: 19:08:44.306 - LICENSE: No license file was found. Starting with Bootstrap License.
5688: 19:08:44.306 - License is valid.
5688: 19:08:44.306 - Licensed for 20 concurrent connections.
5688: 19:08:44.306 - ENet: Max Reliable Data In Transit (awaiting ACKs) per peer : 51200 bytes
5688: 19:08:44.306 - ENet: Per peer bandwidth limit
5688: 19:08:44.306 - ENet: Transmit Rate Limit: 256 KB/Sec
5688: 19:08:44.306 - ENet: Limit period: 200ms
5688: 19:08:44.306 - ENet: Limit per period: 52428 bytes
5688: 19:08:44.306 - ENet: Max queued data for transmission per peer: 512000 bytes
5688: 19:08:44.306 - ENet: Minimum retransmit timeout: 200
5688: 19:08:44.306 - No Maximum retransmit timeout
5688: 19:08:44.306 - ENet: Minimum timeout: 5000ms
5688: 19:08:44.306 - ENet: Maximum timeout: 30000ms
5688: 19:08:44.306 - ENet: Max Inbound Reliable Data Queued (awaiting resends of earlier sequence numbers) per peer : 163840 bytes
5688: 19:08:44.306 - No RTT ACK adjustment timeout
5688: 19:08:44.306 - About to load application: Proxy from ComplexServer
5688: 19:08:44.306 - Auto restart is enabled for application, existing connections will be terminated during restart
5688: 19:08:44.306 - Application will restart 1000ms after the last change detected
5688: 19:08:44.306 - Application will restart if files matching the following are changed: "dll;config"
5688: 19:08:44.306 - Application will NOT restart if files matching the following are changed: "log4net.config"
5688: 19:08:45.569 - Taking reference on default app domain
5688: 19:08:45.581 - Proxy:2 - Start() failed.
Exception:
System.BadImageFormatException: Could not load file or assembly 'ComplexServer' or one of its dependencies. An attempt was made to load a program with an incorrect format.
File name: 'ComplexServer'
   at System.Reflection.RuntimeAssembly._nLoad(AssemblyName fileName, String codeBase, Evidence assemblySecurity, RuntimeAssembly locationHint, StackCrawlMark& stackMark, IntPtr pPrivHostBinder, Boolean throwOnFileNotFound, Boolean forIntrospection, Boolean suppressSecurityChecks)
   at System.Reflection.RuntimeAssembly.InternalLoadAssemblyName(AssemblyName assemblyRef, Evidence assemblySecurity, RuntimeAssembly reqAssembly, StackCrawlMark& stackMark, IntPtr pPrivHostBinder, Boolean throwOnFileNotFound, Boolean forIntrospection, Boolean suppressSecurityChecks)
   at System.Reflection.RuntimeAssembly.InternalLoad(String assemblyString, Evidence assemblySecurity, StackCrawlMark& stackMark, IntPtr pPrivHostBinder, Boolean forIntrospection)
   at System.Reflection.RuntimeAssembly.InternalLoad(String assemblyString, Evidence assemblySecurity, StackCrawlMark& stackMark, Boolean forIntrospection)
   at System.Reflection.Assembly.Load(String assemblyString)
   at PhotonHostRuntime.PhotonDomainManager.PhotonPlainAppDomainBehavior.Start(String assemblyName, String typeName, String instanceName, String applicationName, IPhotonApplicationSink sink, ILogToUnmanagedLog logger, IControlListeners listenerControl)
   at PhotonHostRuntime.PhotonDomainManager.Start(String assemblyName, String typeName, String instanceName, String applicationName, IPhotonApplicationSink sink, ILogToUnmanagedLog logger, IControlListeners listenerControl)

WRN: Assembly binding logging is turned OFF.
To enable assembly bind failure logging, set the registry value [HKLM\Software\Microsoft\Fusion!EnableLog] (DWORD) to 1.
Note: There is some performance penalty associated with assembly bind failure logging.
To turn this feature off, remove the registry value [HKLM\Software\Microsoft\Fusion!EnableLog].

5688: 19:08:45.583 - Proxy:2 - Stop() failed.
Exception:
System.Exception: Stop: unable to call the Application.TearDown() - undefined photonControl.
   at PhotonHostRuntime.PhotonDomainManager.PhotonPlainAppDomainBehavior.Stop()
   at PhotonHostRuntime.PhotonDomainManager.Stop()
5688: 19:08:45.583 - ERROR: Failed to start application: "Proxy" in app domain: 2
11012: 19:08:45.583 - CManagedHost::OnDefaultAction() - OPR_AppDomainUnload - eUnloadAppDomain
5688: 19:08:45.583 - CService::OnException() - Exception: CManagedHost::StartApplication() - Failed to start application in AppDomain: 2 - An attempt was made to load a program with an incorrect format.
5688: 19:08:45.583 - Server shutting down...
5688: 19:08:45.583 - Shutdown monitoring enabled, 30000ms before process abort
5688: 19:08:45.583 - Notifying CLR applications of shutdown...
5688: 19:08:45.583 - RequestStop: defalt app domain
5688: 19:08:45.585 - Shutting down WebSocket Outbound Connection Manager...
5688: 19:08:45.585 - Shutting down TCP Outbound Connection Manager...
5688: 19:08:45.585 - Shutting down ENet Outbound Connection Manager...
5688: 19:08:45.585 - Disconnecting all outbound peers...
5688: 19:08:45.585 - Shutting down ENet host...
5688: 19:08:45.585 - Disconnecting all peers...
5688: 19:08:45.585 - Shutting down socket servers...
5688: 19:08:45.585 - Shutting down ENet thread pool...
5688: 19:08:45.586 - Shutting down TCP inactivity timers...
5688: 19:08:45.587 - Shutting down CLR applications...
5688: 19:08:45.587 - Shutting down business logic thread pool...
5688: 19:08:45.587 - Shutting down I/O thread pool...
5688: 19:08:45.587 - Destroying servers
5688: 19:08:45.587 - Destroying WebSocket Outbound Connection Manager
5688: 19:08:45.587 - Destroying TCP Outbound Connection Manager
5688: 19:08:45.587 - Destroying TCP inactivity timer
5688: 19:08:45.587 - Destroying ENet timer wheel
5688: 19:08:45.587 - Destroying ENet host
5688: 19:08:45.587 - Destroying ENet outbound host
5688: 19:08:45.587 - Destroying HTTP inactivity timer
5688: 19:08:45.587 - Destroying HTTP host
5688: 19:08:45.587 - Destroying HTTP Chunk host
5688: 19:08:45.587 - Flushing ENET buffer allocator...
5688: 19:08:45.587 - Flushing TCP buffer handle allocator...
5688: 19:08:45.587 - Flushing stream socket allocator...
5688: 19:08:45.587 - Flushing inbound datagram socket allocator...
5688: 19:08:45.587 - Flushing outbound datagram socket allocator...
5688: 19:08:45.587 - Destroying CLR dispatcher
5688: 19:08:45.587 - Destroying CLR applications
5688: 19:08:45.587 - ~CCLRApplicationCollection() - Waiting up to 10 seconds for the CLR to release all of our objects
10800: 19:08:45.593 - Unloading Domain: ApplicationName = 'Proxy', DomainId='2'
11012: 19:08:45.601 - CManagedHost::OnDomainUnload() - 2
5688: 19:08:45.605 - ~CCLRApplicationCollection() - Done. All objects released
5688: 19:08:45.605 - ~CManagedHost() - Release default app domain
5688: 19:08:45.605 - CManagedHost::OnDomainUnload() - 1
5688: 19:08:45.605 - ~CManagedHost() - Waiting up to 10 seconds for CLR shutdown...
5688: 19:08:45.605 - ~CManagedHost
5688: 19:08:45.605 - Destroying ENet thread pool
5688: 19:08:45.605 - Destroying Business logic thread pool
5688: 19:08:45.605 - Destroying I/O thread pool
5688: 19:08:45.605 - Destroying ENet buffer allocator
5688: 19:08:45.605 - Destroying TCP buffer allocator
5688: 19:08:45.605 - Destroying TCP socket allocator
5688: 19:08:45.605 - Destroying ENet inbound socket allocator
5688: 19:08:45.605 - Destroying ENet outbound socket allocator
5688: 19:08:45.605 - Destroying shared datagram flow control data
5688: 19:08:45.605 - Shutdown complete...
5688: 19:08:45.605 - Service shutting down: failed to start application. Errorcode: 108
5688: 19:08:45.607 - Service shut down complete
